<?xml version="1.0" encoding="UTF-8"?>
<!-- Generated by org.testng.reporters.JUnitReportReporter -->
<testsuite skipped="0" hostname="DELL-PC" name="basicAnnotation.TestClass3" tests="6" failures="0" timestamp="21 Jul 2019 06:21:31 GMT" time="0.008" errors="0">
  <testcase name="testcase3" time="0.002" classname="basicAnnotation.TestClass3"/>
  <testcase name="testcase1" time="0.001" classname="basicAnnotation.TestClass3"/>
  <testcase name="testcase1" time="0.002" classname="basicAnnotation.TestClass3"/>
  <testcase name="testcase3" time="0.001" classname="basicAnnotation.TestClass3"/>
  <testcase name="testcase2" time="0.001" classname="basicAnnotation.TestClass3"/>
  <testcase name="testcase2" time="0.001" classname="basicAnnotation.TestClass3"/>
</testsuite> <!-- basicAnnotation.TestClass3 -->
