<?xml version="1.0" encoding="UTF-8"?>
<!-- Generated by org.testng.reporters.JUnitReportReporter -->
<testsuite skipped="0" hostname="DELL-PC" name="LogicTest.dataproviderconcept" tests="10" failures="0" timestamp="21 Jul 2019 07:22:12 GMT" time="0.025" errors="0">
  <testcase name="loginTest" time="0.002" classname="LogicTest.dataproviderconcept"/>
  <testcase name="loginTest" time="0.002" classname="LogicTest.dataproviderconcept"/>
  <testcase name="loginTest" time="0.003" classname="LogicTest.dataproviderconcept"/>
  <testcase name="loginTest" time="0.001" classname="LogicTest.dataproviderconcept"/>
  <testcase name="loginTest" time="0.001" classname="LogicTest.dataproviderconcept"/>
  <testcase name="loginTest" time="0.011" classname="LogicTest.dataproviderconcept"/>
  <testcase name="loginTest" time="0.001" classname="LogicTest.dataproviderconcept"/>
  <testcase name="loginTest" time="0.001" classname="LogicTest.dataproviderconcept"/>
  <testcase name="loginTest" time="0.002" classname="LogicTest.dataproviderconcept"/>
  <testcase name="loginTest" time="0.001" classname="LogicTest.dataproviderconcept"/>
</testsuite> <!-- LogicTest.dataproviderconcept -->
