<?xml version="1.0" encoding="UTF-8"?>
<!-- Generated by org.testng.reporters.JUnitReportReporter -->
<testsuite skipped="0" hostname="DELL-PC" name="TestScripts.TestScript1" tests="2" failures="0" timestamp="02 Aug 2019 11:06:24 GMT" time="28.056" errors="0">
  <testcase name="loginTest" time="14.008" classname="TestScripts.TestScript1"/>
  <testcase name="loginTest" time="14.048" classname="TestScripts.TestScript1"/>
</testsuite> <!-- TestScripts.TestScript1 -->
